BuildTools
unconfigured@null.spigotmc.org
Attempting to build version: 'latest' use --rev <version> to override
Found version
{
	"name": "571",
	"description": "Jenkins build 571",
	"refs": {
		"BuildData": "838b40587fa7a68a130b75252959bc8a3481d94f",
		"Bukkit": "f517b6e6a95a7a7f5498bce806a9b997e433f75b",
		"CraftBukkit": "07c300164aa0318c0064d629ff71247c96731e7c",
		"Spigot": "db6de12919982a660de79df83af75e9c18965aa8"
	}
}

Pulling updates for /home/ubuntu/duckdns/BuildData/.git
Successfully fetched updates!
Checked out: 838b40587fa7a68a130b75252959bc8a3481d94f
Pulling updates for /home/ubuntu/duckdns/Bukkit/.git
Successfully fetched updates!
Checked out: f517b6e6a95a7a7f5498bce806a9b997e433f75b
Pulling updates for /home/ubuntu/duckdns/CraftBukkit/.git
Successfully fetched updates!
Checked out: 07c300164aa0318c0064d629ff71247c96731e7c
Pulling updates for /home/ubuntu/duckdns/Spigot/.git
Successfully fetched updates!
Checked out: db6de12919982a660de79df83af75e9c18965aa8
Attempting to build Minecraft with details: VersionInfo(minecraftVersion=1.8.8, accessTransforms=bukkit-1.8.8.at, classMappings=bukkit-1.8.8-cl.csrg, memberMappings=bukkit-1.8.8-members.csrg, packageMappings=package.srg, minecraftHash=a0671390aa0691e70a950155aab06ffb)
Found good Minecraft hash (a0671390aa0691e70a950155aab06ffb)
Found good Minecraft hash (a0671390aa0691e70a950155aab06ffb)
[INFO] Scanning for projects...
[INFO]                                                                         
[INFO] ------------------------------------------------------------------------
[INFO] Building Maven Stub Project (No POM) 1
[INFO] ------------------------------------------------------------------------
[INFO] 
[INFO] --- maven-install-plugin:2.4:install-file (default-cli) @ standalone-pom ---
[INFO] Installing /home/ubuntu/duckdns/work/mapped.ba9a3cce.jar to /home/ubuntu/.m2/repository/org/spigotmc/minecraft-server/1.8.8-SNAPSHOT/minecraft-server-1.8.8-SNAPSHOT.jar
[INFO] ------------------------------------------------------------------------
[INFO] BUILD SUCCESS
[INFO] ------------------------------------------------------------------------
[INFO] Total time: 0.705 s
[INFO] Finished at: 2016-01-25T11:22:02+00:00
[INFO] Final Memory: 5M/15M
[INFO] ------------------------------------------------------------------------
Applying CraftBukkit Patches
Backing up NMS dir
Patching with PathfinderGoalTame.patch
Patching with ChunkProviderServer.patch
Patching with BlockSkull.patch
Patching with BlockRedstoneTorch.patch
Patching with EntityPig.patch
Patching with InventoryLargeChest.patch
Patching with PathfinderGoalOwnerHurtTarget.patch
Patching with HandshakeListener.patch
Patching with PlayerInventory.patch
Patching with ItemWorldMap.patch
Patching with EntityEnderCrystal.patch
Patching with ShapedRecipes.patch
Patching with PathfinderGoalTargetNearestPlayer.patch
Patching with EntityWitherSkull.patch
Patching with ChunkRegionLoader.patch
Patching with BlockTrapdoor.patch
Patching with ItemWaterLily.patch
Patching with EntityTracker.patch
Patching with ContainerPlayer.patch
Patching with VillageSiege.patch
Patching with EntityPlayer.patch
Patching with CraftingManager.patch
Patching with EntityZombie.patch
Patching with BlockDragonEgg.patch
Patching with IRecipe.patch
Patching with EntityProjectile.patch
Patching with BlockOre.patch
Patching with EntityMonster.patch
Patching with PacketPlayInResourcePackStatus.patch
Patching with PathfinderGoalPanic.patch
Patching with WorldMap.patch
Patching with PacketPlayInCloseWindow.patch
Patching with BlockStem.patch
Patching with EntityFallingBlock.patch
Patching with PathfinderGoalOwnerHurtByTarget.patch
Patching with ItemStack.patch
Patching with BlockMushroom.patch
Patching with BlockGrass.patch
Patching with InventorySubcontainer.patch
Patching with EntityInsentient.patch
Patching with EntityFireball.patch
Patching with EntityFishingHook.patch
Patching with PathfinderGoalHurtByTarget.patch
Patching with PacketPlayInBlockPlace.patch
Patching with BlockPortal.patch
Patching with EntityLargeFireball.patch
Patching with ContainerWorkbench.patch
Patching with ContainerEnchantTable.patch
Patching with DispenseBehaviorItem.patch
Patching with BlockVine.patch
Patching with RegionFile.patch
Patching with SlotFurnaceResult.patch
Patching with EntityItemFrame.patch
Patching with BlockReed.patch
Patching with ItemDye.patch
Patching with ContainerBrewingStand.patch
Patching with EntityBoat.patch
Patching with EntityEnderPearl.patch
Patching with NetworkManager.patch
Patching with ItemRecord.patch
Patching with BlockCocoa.patch
Patching with InventoryCrafting.patch
Patching with IInventory.patch
Patching with BlockPoweredRail.patch
Patching with TileEntityNote.patch
Patching with BlockSapling.patch
Patching with EntityFireworks.patch
Patching with PacketDataSerializer.patch
Patching with Slot.patch
Patching with MobSpawnerAbstract.patch
Patching with BlockDaylightDetector.patch
Patching with RecipesFurnace.patch
Patching with EntityCreeper.patch
Patching with EntityIronGolem.patch
Patching with EntityAnimal.patch
Patching with EntityRabbit.patch
Patching with BlockRedstoneOre.patch
Patching with TileEntityPiston.patch
Patching with TileEntityHopper.patch
Patching with ItemMapEmpty.patch
Patching with InventoryMerchant.patch
Patching with ContainerDispenser.patch
Patching with InventoryCraftResult.patch
Patching with BlockCake.patch
Patching with PathfinderGoalEatTile.patch
Patching with Block.patch
Patching with BlockSoil.patch
Patching with EntityMinecartCommandBlock.patch
Patching with WorldBorder.patch
Patching with EntityItem.patch
Patching with BlockTripwireHook.patch
Patching with WorldGenRegistration.patch
Patching with EntityHuman.patch
Patching with EntityLightning.patch
Patching with Explosion.patch
Patching with MinecraftServer.patch
Patching with IDataManager.patch
Patching with RecipeBookClone.patch
Patching with EntityEnderman.patch
Patching with EntityMinecartAbstract.patch
Patching with WorldServer.patch
Patching with BlockPressurePlateWeighted.patch
Patching with ChatBaseComponent.patch
Patching with EntitySlice.patch
Patching with BlockPumpkin.patch
Patching with PlayerList.patch
Patching with Chunk.patch
Patching with ContainerBeacon.patch
Patching with RecipeArmorDye.patch
Patching with CommandExecute.patch
Patching with EntityDamageSourceIndirect.patch
Patching with EntityHanging.patch
Patching with TileEntitySkull.patch
Patching with TileEntityBrewingStand.patch
Patching with BlockDiodeAbstract.patch
Patching with BlockStationary.patch
Patching with MobEffectList.patch
Patching with BlockLever.patch
Patching with BlockNetherWart.patch
Patching with BlockMonsterEggs.patch
Patching with BlockJukeBox.patch
Patching with EntityWolf.patch
Patching with PropertyManager.patch
Patching with PathfinderGoalSit.patch
Patching with PathfinderGoalNearestAttackableTargetInsentient.patch
Patching with Path.patch
Patching with UserCache.patch
Patching with ItemLeash.patch
Patching with EntityHorse.patch
Patching with EntitySnowman.patch
Patching with TileEntityBanner.patch
Patching with TileEntityFurnace.patch
Patching with PacketStatusListener.patch
Patching with EntitySmallFireball.patch
Patching with TileEntitySign.patch
Patching with PathfinderGoalBreakDoor.patch
Patching with DedicatedServer.patch
Patching with BlockFlowing.patch
Patching with EntitySkeleton.patch
Patching with EntityPainting.patch
Patching with EntityLeash.patch
Patching with ChunkSection.patch
Patching with CommandSpreadPlayers.patch
Patching with PathfinderGoalDefendVillage.patch
Patching with TileEntityBeacon.patch
Patching with LoginListener.patch
Patching with ChatModifier.patch
Patching with FoodMetaData.patch
Patching with PathfinderGoalNearestAttackableTarget.patch
Patching with RecipeFireworks.patch
Patching with NameReferencingFileConverter.patch
Patching with EntityMinecartContainer.patch
Patching with StatisticManager.patch
Patching with EntityVillager.patch
Patching with TileEntityCommand.patch
Patching with WorldGenGroundBush.patch
Patching with ContainerMerchant.patch
Patching with BlockMinecartTrackAbstract.patch
Patching with BlockEnderPortal.patch
Patching with EntityEgg.patch
Patching with BlockMinecartDetector.patch
Patching with BlockCactus.patch
Patching with SpawnerCreature.patch
Patching with EntityLiving.patch
Patching with EnchantmentThorns.patch
Patching with EntityOcelot.patch
Patching with MethodProfiler.patch
Patching with JsonList.patch
Patching with ItemFlintAndSteel.patch
Patching with TileEntityDispenser.patch
Patching with WorldGenVillagePieces.patch
Patching with ShapelessRecipes.patch
Patching with BlockRedstoneLamp.patch
Patching with PlayerInteractManager.patch
Patching with BlockFire.patch
Patching with RecipeMapClone.patch
Patching with EntityTrackerEntry.patch
Patching with EntityPotion.patch
Patching with EntityGhast.patch
Patching with BiomeTheEndDecorator.patch
Patching with BlockPressurePlateBinary.patch
Patching with ItemMonsterEgg.patch
Patching with BlockRedstoneWire.patch
Patching with ContainerAnvil.patch
Patching with BlockDoor.patch
Patching with ItemBoat.patch
Patching with BlockMobSpawner.patch
Patching with EntityArmorStand.patch
Patching with PlayerChunkMap.patch
Patching with WorldData.patch
Patching with PlayerConnection.patch
Patching with CommandGamemode.patch
Patching with Entity.patch
Patching with WorldManager.patch
Patching with PortalTravelAgent.patch
Patching with EntityTNTPrimed.patch
Patching with TileEntityChest.patch
Patching with ItemMinecart.patch
Patching with BlockIce.patch
Patching with BlockDropper.patch
Patching with ItemHanging.patch
Patching with InventoryEnderChest.patch
Patching with BlockBloodStone.patch
Patching with EntityEnderDragon.patch
Patching with EntitySlime.patch
Patching with PathfinderGoalSelector.patch
Patching with BlockLeaves.patch
Patching with CommandBlockListenerAbstract.patch
Patching with CrashReport.patch
Patching with SecondaryWorldServer.patch
Patching with WorldNBTStorage.patch
Patching with ItemBow.patch
Patching with Village.patch
Patching with ContainerHorse.patch
Patching with BlockCrops.patch
Patching with WorldGenMegaTreeAbstract.patch
Patching with BlockPressurePlateAbstract.patch
Patching with ContainerChest.patch
Patching with NBTTagList.patch
Patching with BlockTripwire.patch
Patching with CommandGamerule.patch
Patching with DispenserRegistry.patch
Patching with BlockMycel.patch
Patching with InventoryHorseChest.patch
Patching with World.patch
Patching with ScoreboardServer.patch
Patching with Enchantment.patch
Patching with RecipeRepair.patch
Patching with ItemFishingRod.patch
Patching with PathfinderGoalBreed.patch
Patching with EntitySquid.patch
Patching with EntityExperienceOrb.patch
Patching with PathfinderGoalMakeLove.patch
Patching with ItemBucket.patch
Patching with BlockSnow.patch
Patching with EntityThrownExpBottle.patch
Patching with EntityAgeable.patch
Patching with BlockPiston.patch
Patching with BlockDispenser.patch
Patching with EntitySilverfish.patch
Patching with ItemFireball.patch
Patching with DispenseBehaviorProjectile.patch
Patching with Container.patch
Patching with BlockCommand.patch
Patching with RecipesBanner.patch
Patching with ContainerHopper.patch
Patching with ItemArmor.patch
Patching with EntitySheep.patch
Patching with BlockPlant.patch
Patching with EntityCow.patch
Patching with EntitySpider.patch
Patching with TileEntity.patch
Patching with BlockButtonAbstract.patch
Patching with EntityWither.patch
Patching with ExpirableListEntry.patch
Patching with ContainerFurnace.patch
Patching with EntityCreature.patch
Patching with RemoteControlCommandListener.patch
Patching with EntityArrow.patch
Patching with CommandTp.patch
Patching with EntityMushroomCow.patch
Patching with EntityChicken.patch
Compiling Bukkit
[INFO] Scanning for projects...
[INFO]                                                                         
[INFO] ------------------------------------------------------------------------
[INFO] Building Bukkit 1.8.8-R0.1-SNAPSHOT
[INFO] ------------------------------------------------------------------------
[INFO] 
[INFO] --- maven-clean-plugin:2.5:clean (default-clean) @ bukkit ---
[INFO] Deleting /home/ubuntu/duckdns/Bukkit/target
[INFO] 
[INFO] --- maven-enforcer-plugin:1.2:enforce (enforce-maven) @ bukkit ---
[INFO] 
[INFO] --- maven-resources-plugin:2.6:resources (default-resources) @ bukkit ---
[INFO] Using 'UTF-8' encoding to copy filtered resources.
[INFO] skip non existing resourceDirectory /home/ubuntu/duckdns/Bukkit/src/main/resources
[INFO] 
[INFO] --- maven-compiler-plugin:3.1:compile (default-compile) @ bukkit ---
[INFO] Changes detected - recompiling the module!
[INFO] 
[INFO] --- animal-sniffer-maven-plugin:1.13:check (default) @ bukkit ---
[INFO] Checking unresolved references to org.codehaus.mojo.signature:java16:1.1
[INFO] 
[INFO] --- maven-resources-plugin:2.6:testResources (default-testResources) @ bukkit ---
[INFO] Using 'UTF-8' encoding to copy filtered resources.
[INFO] skip non existing resourceDirectory /home/ubuntu/duckdns/Bukkit/src/test/resources
[INFO] 
[INFO] --- maven-compiler-plugin:3.1:testCompile (default-testCompile) @ bukkit ---
[INFO] Changes detected - recompiling the module!
[INFO] 
[INFO] --- maven-surefire-plugin:2.12.4:test (default-test) @ bukkit ---
[INFO] Surefire report directory: /home/ubuntu/duckdns/Bukkit/target/surefire-reports

-------------------------------------------------------
 T E S T S
-------------------------------------------------------
Running org.bukkit.EntityEffectTest
Tests run: 1, Failures: 0, Errors: 0, Skipped: 0, Time elapsed: 0.136 sec
Running org.bukkit.util.io.BukkitObjectStreamTest
Tests run: 6, Failures: 0, Errors: 0, Skipped: 3, Time elapsed: 0.256 sec
Running org.bukkit.util.StringUtilTest
Tests run: 8, Failures: 0, Errors: 0, Skipped: 0, Time elapsed: 0.015 sec
Running org.bukkit.util.StringUtilStartsWithTest
Tests run: 10, Failures: 0, Errors: 0, Skipped: 0, Time elapsed: 0.027 sec
Running org.bukkit.NoteTest
Tests run: 17, Failures: 0, Errors: 0, Skipped: 0, Time elapsed: 0.047 sec
Running org.bukkit.conversations.ConversationContextTest
Tests run: 3, Failures: 0, Errors: 0, Skipped: 0, Time elapsed: 0.009 sec
Running org.bukkit.conversations.ConversationTest
Tests run: 4, Failures: 0, Errors: 0, Skipped: 0, Time elapsed: 0.017 sec
Running org.bukkit.conversations.ValidatingPromptTest
Tests run: 4, Failures: 0, Errors: 0, Skipped: 0, Time elapsed: 0.035 sec
Running org.bukkit.metadata.MetadataConversionTest
Tests run: 5, Failures: 0, Errors: 0, Skipped: 0, Time elapsed: 0.022 sec
Running org.bukkit.metadata.FixedMetadataValueTest
Tests run: 3, Failures: 0, Errors: 0, Skipped: 0, Time elapsed: 0.006 sec
Running org.bukkit.metadata.MetadataStoreTest
Tests run: 9, Failures: 0, Errors: 0, Skipped: 0, Time elapsed: 0.03 sec
Running org.bukkit.metadata.LazyMetadataValueTest
Tests run: 8, Failures: 0, Errors: 0, Skipped: 0, Time elapsed: 0.014 sec
Running org.bukkit.metadata.MetadataValueAdapterTest
Tests run: 4, Failures: 0, Errors: 0, Skipped: 0, Time elapsed: 0.006 sec
Running org.bukkit.CropStateTest
Tests run: 1, Failures: 0, Errors: 0, Skipped: 0, Time elapsed: 0.005 sec
Running org.bukkit.EffectTest
Tests run: 1, Failures: 0, Errors: 0, Skipped: 0, Time elapsed: 0.005 sec
Running org.bukkit.CoalTypeTest
Tests run: 1, Failures: 0, Errors: 0, Skipped: 0, Time elapsed: 0.005 sec
Running org.bukkit.ColorTest
Tests run: 52, Failures: 0, Errors: 0, Skipped: 0, Time elapsed: 0.261 sec
Running org.bukkit.InstrumentTest
Tests run: 1, Failures: 0, Errors: 0, Skipped: 0, Time elapsed: 0.001 sec
Running org.bukkit.ChatPaginatorTest
Tests run: 14, Failures: 0, Errors: 0, Skipped: 0, Time elapsed: 0.038 sec
Running org.bukkit.WorldTypeTest
Tests run: 1, Failures: 0, Errors: 0, Skipped: 0, Time elapsed: 0.002 sec
Running org.bukkit.GrassSpeciesTest
Tests run: 1, Failures: 0, Errors: 0, Skipped: 0, Time elapsed: 0.005 sec
Running org.bukkit.event.PlayerChatTabCompleteEventTest
Tests run: 1, Failures: 0, Errors: 0, Skipped: 0, Time elapsed: 0.287 sec
Running org.bukkit.event.SyntheticEventTest
Jan 25, 2016 11:22:17 AM org.bukkit.Bukkit setServer
INFO: This server is running TestServer version Version_null (Implementing API version BukkitVersion_null)
Invk org.bukkit.event.TestEvent@5579bb86
Tests run: 1, Failures: 0, Errors: 0, Skipped: 0, Time elapsed: 0.141 sec
Running org.bukkit.plugin.PluginManagerTest
Tests run: 11, Failures: 0, Errors: 0, Skipped: 0, Time elapsed: 0.039 sec
Running org.bukkit.plugin.messaging.StandardMessengerTest
Tests run: 16, Failures: 0, Errors: 0, Skipped: 0, Time elapsed: 0.03 sec
Running org.bukkit.plugin.TimedRegisteredListenerTest
Tests run: 1, Failures: 0, Errors: 0, Skipped: 0, Time elapsed: 0.004 sec
Running org.bukkit.DifficultyTest
Tests run: 1, Failures: 0, Errors: 0, Skipped: 0, Time elapsed: 0.003 sec
Running org.bukkit.configuration.MemoryConfigurationTest
Tests run: 6, Failures: 0, Errors: 0, Skipped: 0, Time elapsed: 0.012 sec
Running org.bukkit.configuration.MemorySectionTest
Tests run: 42, Failures: 0, Errors: 0, Skipped: 0, Time elapsed: 0.052 sec
Running org.bukkit.configuration.file.YamlConfigurationTest
Tests run: 17, Failures: 0, Errors: 0, Skipped: 0, Time elapsed: 0.137 sec
Running org.bukkit.ArtTest
Tests run: 5, Failures: 0, Errors: 0, Skipped: 0, Time elapsed: 0.015 sec
Running org.bukkit.potion.PotionTest
Tests run: 15, Failures: 0, Errors: 0, Skipped: 0, Time elapsed: 0.021 sec
Running org.bukkit.TreeSpeciesTest
Tests run: 1, Failures: 0, Errors: 0, Skipped: 0, Time elapsed: 0.001 sec
Running org.bukkit.materials.MaterialDataTest
Tests run: 1, Failures: 0, Errors: 0, Skipped: 0, Time elapsed: 0.004 sec
Running org.bukkit.GameModeTest
Tests run: 1, Failures: 0, Errors: 0, Skipped: 0, Time elapsed: 0.001 sec
Running org.bukkit.DyeColorTest
Tests run: 80, Failures: 0, Errors: 0, Skipped: 0, Time elapsed: 0.059 sec
Running org.bukkit.LocationTest
Tests run: 60, Failures: 0, Errors: 0, Skipped: 0, Time elapsed: 0.064 sec
Running org.bukkit.ChatColorTest
Tests run: 10, Failures: 0, Errors: 0, Skipped: 0, Time elapsed: 0.014 sec
Running org.bukkit.MaterialTest
Tests run: 10, Failures: 0, Errors: 0, Skipped: 0, Time elapsed: 0.089 sec
Running org.bukkit.BukkitMirrorTest
Tests run: 480, Failures: 0, Errors: 0, Skipped: 0, Time elapsed: 0.28 sec

Results :

Tests run: 913, Failures: 0, Errors: 0, Skipped: 3

[INFO] 
[INFO] --- maven-jar-plugin:2.4:jar (default-jar) @ bukkit ---
[INFO] Building jar: /home/ubuntu/duckdns/Bukkit/target/bukkit-1.8.8-R0.1-SNAPSHOT.jar
[INFO] 
[INFO] --- maven-shade-plugin:2.3:shade (default) @ bukkit ---
[INFO] Including commons-lang:commons-lang:jar:2.6 in the shaded jar.
[INFO] Including com.googlecode.json-simple:json-simple:jar:1.1.1 in the shaded jar.
[INFO] Including com.google.guava:guava:jar:17.0 in the shaded jar.
[INFO] Including com.google.code.gson:gson:jar:2.2.4 in the shaded jar.
[INFO] Including org.avaje:ebean:jar:2.8.1 in the shaded jar.
[INFO] Including javax.persistence:persistence-api:jar:1.0 in the shaded jar.
[INFO] Including org.yaml:snakeyaml:jar:1.15 in the shaded jar.
[INFO] Attaching shaded artifact.
[INFO] 
[INFO] --- maven-install-plugin:2.4:install (default-install) @ bukkit ---
[INFO] Installing /home/ubuntu/duckdns/Bukkit/target/bukkit-1.8.8-R0.1-SNAPSHOT.jar to /home/ubuntu/.m2/repository/org/bukkit/bukkit/1.8.8-R0.1-SNAPSHOT/bukkit-1.8.8-R0.1-SNAPSHOT.jar
[INFO] Installing /home/ubuntu/duckdns/Bukkit/pom.xml to /home/ubuntu/.m2/repository/org/bukkit/bukkit/1.8.8-R0.1-SNAPSHOT/bukkit-1.8.8-R0.1-SNAPSHOT.pom
[INFO] Installing /home/ubuntu/duckdns/Bukkit/target/bukkit-1.8.8-R0.1-SNAPSHOT-shaded.jar to /home/ubuntu/.m2/repository/org/bukkit/bukkit/1.8.8-R0.1-SNAPSHOT/bukkit-1.8.8-R0.1-SNAPSHOT-shaded.jar
[INFO] ------------------------------------------------------------------------
[INFO] BUILD SUCCESS
[INFO] ------------------------------------------------------------------------
[INFO] Total time: 15.294 s
[INFO] Finished at: 2016-01-25T11:22:21+00:00
[INFO] Final Memory: 17M/49M
[INFO] ------------------------------------------------------------------------
Compiling CraftBukkit
[INFO] Scanning for projects...
[INFO]                                                                         
[INFO] ------------------------------------------------------------------------
[INFO] Building CraftBukkit 1.8.8-R0.1-SNAPSHOT
[INFO] ------------------------------------------------------------------------
[INFO] 
[INFO] --- maven-clean-plugin:2.5:clean (default-clean) @ craftbukkit ---
[INFO] Deleting /home/ubuntu/duckdns/CraftBukkit/target
[INFO] 
[INFO] --- scriptus:0.2:describe (default) @ craftbukkit ---
[INFO] Set property "describe" to "git-Bukkit-07c3001"
[INFO] 
[INFO] --- maven-resources-plugin:2.6:resources (default-resources) @ craftbukkit ---
[INFO] Using 'UTF-8' encoding to copy filtered resources.
[INFO] Copying 4 resources
[INFO] 
[INFO] --- maven-compiler-plugin:3.1:compile (default-compile) @ craftbukkit ---
[INFO] Changes detected - recompiling the module!
[INFO] 
[INFO] --- animal-sniffer-maven-plugin:1.13:check (default) @ craftbukkit ---
[INFO] Checking unresolved references to org.codehaus.mojo.signature:java16:1.1
[INFO] 
[INFO] --- maven-resources-plugin:2.6:testResources (default-testResources) @ craftbukkit ---
[INFO] Using 'UTF-8' encoding to copy filtered resources.
[INFO] skip non existing resourceDirectory /home/ubuntu/duckdns/CraftBukkit/src/test/resources
[INFO] 
[INFO] --- maven-compiler-plugin:3.1:testCompile (default-testCompile) @ craftbukkit ---
[INFO] Changes detected - recompiling the module!
[INFO] 
[INFO] --- maven-surefire-plugin:2.18:test (default-test) @ craftbukkit ---
[INFO] Surefire report directory: /home/ubuntu/duckdns/CraftBukkit/target/surefire-reports

-------------------------------------------------------
 T E S T S
-------------------------------------------------------
Running org.bukkit.craftbukkit.inventory.ItemMetaTest
Jan 25, 2016 11:22:46 AM org.bukkit.Bukkit setServer
INFO: This server is running org.bukkit.support.DummyServer version null (Implementing API version 1.8.8-R0.1-SNAPSHOT)
Tests run: 11, Failures: 0, Errors: 0, Skipped: 0, Time elapsed: 6.822 sec - in org.bukkit.craftbukkit.inventory.ItemMetaTest
Running org.bukkit.craftbukkit.inventory.NMSCraftItemStackTest
Tests run: 2, Failures: 0, Errors: 0, Skipped: 0, Time elapsed: 0.005 sec - in org.bukkit.craftbukkit.inventory.NMSCraftItemStackTest
Running org.bukkit.craftbukkit.inventory.FactoryItemMaterialTest
Tests run: 1352, Failures: 0, Errors: 0, Skipped: 0, Time elapsed: 1.717 sec - in org.bukkit.craftbukkit.inventory.FactoryItemMaterialTest
Running org.bukkit.craftbukkit.inventory.ItemMetaImplementationOverrideTest
Tests run: 99, Failures: 0, Errors: 0, Skipped: 0, Time elapsed: 0 sec - in org.bukkit.craftbukkit.inventory.ItemMetaImplementationOverrideTest
Running org.bukkit.craftbukkit.inventory.ItemFactoryTest
Tests run: 1, Failures: 0, Errors: 0, Skipped: 0, Time elapsed: 1.022 sec - in org.bukkit.craftbukkit.inventory.ItemFactoryTest
Running org.bukkit.PerMaterialTest
Tests run: 3850, Failures: 0, Errors: 0, Skipped: 0, Time elapsed: 1.158 sec - in org.bukkit.PerMaterialTest
Running org.bukkit.DyeColorsTest
Tests run: 32, Failures: 0, Errors: 0, Skipped: 0, Time elapsed: 0.015 sec - in org.bukkit.DyeColorsTest
Running org.bukkit.WorldTypeTest
Tests run: 1, Failures: 0, Errors: 0, Skipped: 0, Time elapsed: 0.001 sec - in org.bukkit.WorldTypeTest
Running org.bukkit.map.MapTest
Tests run: 1, Failures: 0, Errors: 0, Skipped: 0, Time elapsed: 0 sec - in org.bukkit.map.MapTest
Running org.bukkit.SoundTest
Tests run: 1, Failures: 0, Errors: 0, Skipped: 0, Time elapsed: 0 sec - in org.bukkit.SoundTest
Running org.bukkit.ArtTest
Tests run: 3, Failures: 0, Errors: 0, Skipped: 0, Time elapsed: 0 sec - in org.bukkit.ArtTest
Running org.bukkit.potion.PotionTest
Tests run: 2, Failures: 0, Errors: 0, Skipped: 0, Time elapsed: 0 sec - in org.bukkit.potion.PotionTest
Running org.bukkit.StatisticsAndAchievementsTest
Tests run: 2, Failures: 0, Errors: 0, Skipped: 0, Time elapsed: 0.048 sec - in org.bukkit.StatisticsAndAchievementsTest
Running org.bukkit.MaterialTest
Tests run: 1, Failures: 0, Errors: 0, Skipped: 0, Time elapsed: 0.003 sec - in org.bukkit.MaterialTest

Results :




Tests run: 5358, Failures: 0, Errors: 0, Skipped: 0

[INFO] 
[INFO] --- maven-jar-plugin:2.5:jar (default-jar) @ craftbukkit ---
[INFO] Building jar: /home/ubuntu/duckdns/CraftBukkit/target/craftbukkit-1.8.8-R0.1-SNAPSHOT.jar
[INFO] 
[INFO] --- maven-shade-plugin:2.3:shade (default) @ craftbukkit ---
[INFO] Including org.bukkit:bukkit:jar:1.8.8-R0.1-SNAPSHOT in the shaded jar.
[INFO] Including commons-lang:commons-lang:jar:2.6 in the shaded jar.
[INFO] Including com.googlecode.json-simple:json-simple:jar:1.1.1 in the shaded jar.
[INFO] Including com.google.guava:guava:jar:17.0 in the shaded jar.
[INFO] Including com.google.code.gson:gson:jar:2.2.4 in the shaded jar.
[INFO] Including org.avaje:ebean:jar:2.8.1 in the shaded jar.
[INFO] Including javax.persistence:persistence-api:jar:1.0 in the shaded jar.
[INFO] Including org.yaml:snakeyaml:jar:1.15 in the shaded jar.
[INFO] Including org.spigotmc:minecraft-server:jar:1.8.8-SNAPSHOT in the shaded jar.
[INFO] Including net.sf.jopt-simple:jopt-simple:jar:3.2 in the shaded jar.
[INFO] Including jline:jline:jar:2.12 in the shaded jar.
[INFO] Including org.xerial:sqlite-jdbc:jar:3.7.2 in the shaded jar.
[INFO] Including mysql:mysql-connector-java:jar:5.1.14 in the shaded jar.
[WARNING] craftbukkit-1.8.8-R0.1-SNAPSHOT.jar, minecraft-server-1.8.8-SNAPSHOT.jar define 489 overlappping classes: 
[WARNING]   - org.apache.logging.log4j.core.appender.ConsoleAppender$ConsoleManagerFactory
[WARNING]   - net.minecraft.server.DispenserRegistry$2
[WARNING]   - net.minecraft.server.DispenserRegistry$12
[WARNING]   - net.minecraft.server.PathfinderGoalNearestAttackableTargetInsentient
[WARNING]   - net.minecraft.server.PathfinderGoalHurtByTarget
[WARNING]   - net.minecraft.server.Entity$4
[WARNING]   - net.minecraft.server.BlockGrass
[WARNING]   - net.minecraft.server.Chunk$1
[WARNING]   - net.minecraft.server.EntityHuman
[WARNING]   - net.minecraft.server.BlockPressurePlateBinary$EnumMobType
[WARNING]   - 479 more...
[WARNING] minecraft-server-1.8.8-SNAPSHOT.jar, guava-17.0.jar define 1686 overlappping classes: 
[WARNING]   - com.google.common.collect.ImmutableMapValues$1
[WARNING]   - com.google.common.io.LineProcessor
[WARNING]   - com.google.common.util.concurrent.AbstractService$5
[WARNING]   - com.google.common.io.BaseEncoding$StandardBaseEncoding$2
[WARNING]   - com.google.common.io.ByteProcessor
[WARNING]   - com.google.common.math.package-info
[WARNING]   - com.google.common.util.concurrent.SimpleTimeLimiter
[WARNING]   - com.google.common.io.GwtWorkarounds$5
[WARNING]   - com.google.common.cache.AbstractCache$StatsCounter
[WARNING]   - com.google.common.util.concurrent.CycleDetectingLockFactory$Policies
[WARNING]   - 1676 more...
[WARNING] gson-2.2.4.jar, minecraft-server-1.8.8-SNAPSHOT.jar define 153 overlappping classes: 
[WARNING]   - com.google.gson.internal.bind.JsonTreeWriter
[WARNING]   - com.google.gson.internal.Excluder
[WARNING]   - com.google.gson.JsonDeserializationContext
[WARNING]   - com.google.gson.internal.$Gson$Types
[WARNING]   - com.google.gson.internal.LinkedTreeMap$KeySet
[WARNING]   - com.google.gson.FieldNamingPolicy$5
[WARNING]   - com.google.gson.internal.bind.SqlDateTypeAdapter$1
[WARNING]   - com.google.gson.internal.UnsafeAllocator$2
[WARNING]   - com.google.gson.FieldAttributes
[WARNING]   - com.google.gson.internal.$Gson$Types$ParameterizedTypeImpl
[WARNING]   - 143 more...
[WARNING] maven-shade-plugin has detected that some .class files
[WARNING] are present in two or more JARs. When this happens, only
[WARNING] one single version of the class is copied in the uberjar.
[WARNING] Usually this is not harmful and you can skeep these
[WARNING] warnings, otherwise try to manually exclude artifacts
[WARNING] based on mvn dependency:tree -Ddetail=true and the above
[WARNING] output
[WARNING] See http://docs.codehaus.org/display/MAVENUSER/Shade+Plugin
[INFO] Replacing original artifact with shaded artifact.
[INFO] Replacing /home/ubuntu/duckdns/CraftBukkit/target/craftbukkit-1.8.8-R0.1-SNAPSHOT.jar with /home/ubuntu/duckdns/CraftBukkit/target/craftbukkit-1.8.8-R0.1-SNAPSHOT-shaded.jar
[INFO] Dependency-reduced POM written at: /home/ubuntu/duckdns/CraftBukkit/dependency-reduced-pom.xml
[INFO] Dependency-reduced POM written at: /home/ubuntu/duckdns/CraftBukkit/dependency-reduced-pom.xml
[INFO] Dependency-reduced POM written at: /home/ubuntu/duckdns/CraftBukkit/dependency-reduced-pom.xml
[INFO] 
[INFO] --- specialsource-maven-plugin:1.2.1:remap (default) @ craftbukkit ---
[INFO] Replacing original artifact with remapped artifact.
[INFO] Replacing /home/ubuntu/duckdns/CraftBukkit/target/craftbukkit-1.8.8-R0.1-SNAPSHOT.jar with /home/ubuntu/duckdns/CraftBukkit/target/craftbukkit-1.8.8-R0.1-SNAPSHOT-remapped.jar
[INFO] 
[INFO] --- maven-install-plugin:2.4:install (default-install) @ craftbukkit ---
[INFO] Installing /home/ubuntu/duckdns/CraftBukkit/target/craftbukkit-1.8.8-R0.1-SNAPSHOT.jar to /home/ubuntu/.m2/repository/org/bukkit/craftbukkit/1.8.8-R0.1-SNAPSHOT/craftbukkit-1.8.8-R0.1-SNAPSHOT.jar
[INFO] Installing /home/ubuntu/duckdns/CraftBukkit/dependency-reduced-pom.xml to /home/ubuntu/.m2/repository/org/bukkit/craftbukkit/1.8.8-R0.1-SNAPSHOT/craftbukkit-1.8.8-R0.1-SNAPSHOT.pom
[INFO] ------------------------------------------------------------------------
[INFO] BUILD SUCCESS
[INFO] ------------------------------------------------------------------------
[INFO] Total time: 01:11 min
[INFO] Finished at: 2016-01-25T11:23:35+00:00
[INFO] Final Memory: 35M/714M
[INFO] ------------------------------------------------------------------------
Rebuilding Forked projects.... 
From file:///home/ubuntu/duckdns/Bukkit
 * [new branch]      spigot     -> origin/spigot
HEAD is now at f517b6e SPIGOT-1393: Fixed door direction mask
Cloning into 'Spigot-API'...
done.
Resetting Spigot-API to Bukkit...
error: Could not remove config section 'remote.upstream'
HEAD is now at f517b6e SPIGOT-1393: Fixed door direction mask
  Applying patches to Spigot-API...
Resolve operation not in progress, we are not resuming.
Applying: POM Changes
Applying: Spigot Timings
Applying: Add PlayerItemDamageEvent
Applying: BungeeCord Support
Applying: Add Arrow API
Applying: Add Particle API
Applying: Define EntitySpawnEvent and SpawnerSpawnEvent
Applying: Entity Mount and Dismount Events
Applying: InventoryClickEvent getClickedInventory
Applying: Added getAllSessionData() to the Conversation API.
Applying: Catch Conversation API Errors
Applying: Player Collision API
Applying: Expand Boolean Prompt Values
Applying: Add Getter for Entity Invulnerability
Applying: Add respawn API.
Applying: Fix Plugin Message API Disconnects
Applying: Fix Tab Completion for Some Commands
Applying: Implement Locale Getter for Players
Applying: Add support for fetching hidden players
Applying: Silenceable Lightning API
Applying: Remove deprecation on some player lookup methods
Applying: Add Score.isScoreSet()Z API.
Applying: Add PlayerSpawnLocationEvent.
Applying: Ease ClassLoader Deadlocks Where Possible
Applying: Fix slow tab complete for some commands.
Applying: Undeprecate Player#updateInventory()V
Applying: Added isUnbreakable and setUnbreakable to ItemMeta
Applying: BungeeCord Chat API
Applying: Add restart API.
  Patches applied cleanly to Spigot-API
From file:///home/ubuntu/duckdns/CraftBukkit
 + f303fd2...18169c0 patched    -> origin/patched  (forced update)
HEAD is now at 18169c0 CraftBukkit $ Mon Jan 25 11:22:04 UTC 2016
Cloning into 'Spigot-Server'...
done.
Resetting Spigot-Server to CraftBukkit...
error: Could not remove config section 'remote.upstream'
HEAD is now at 18169c0 CraftBukkit $ Mon Jan 25 11:22:04 UTC 2016
  Applying patches to Spigot-Server...
Resolve operation not in progress, we are not resuming.
Applying: POM Changes
Applying: mc-dev imports
Applying: Skeleton API Implementations
Applying: Obfuscation Helpers
Applying: Spigot Configuration
Applying: Better Chunk Tick Selection
Applying: Crop Growth Rates
Applying: Merge tweaks and configuration
Applying: Async Operation Catching
Applying: View Distance
Applying: Spigot Timings
Applying: Fix Mob Spawning Relative to View Distance
Applying: Handle Null Tile Entities
Applying: Entity Activation Range
Applying: Metrics
Applying: PlayerItemDamageEvent
Applying: Prevent NPE in CraftSign
Applying: Entity Tracking Ranges
Applying: Thread Naming and Tweaks
Applying: Close Unloaded Save Files
Applying: Remove -o Option
Applying: Recipe Deconstruction
Applying: Implement Arrow API
Applying: Hopper Customisations
Applying: Implement SpawnerSpawnEvent.
Applying: Firework Meta Crash Fix
Applying: Allow Disabling of Command Logging
Applying: Allow Disabling of Command TabComplete
Applying: Configurable Messages
Applying: Allow Disabling of Random Lighting Updates
Applying: Properly Close Inventories
Applying: Disallow Interaction With Self
Applying: Entity Mount and Dismount Events
Applying: Prevent Ghost Players Caused by Plugins
Applying: Plug World Unload Memory Leak
Applying: Player Collision API
Applying: Fully Disable Snooper When Not Required
Applying: Add Getter for Entity Invulnerability
Applying: Cap Minimum Player Speed
Applying: Update Inventory and Health for PlayerConsumeItemEvent
Applying: Call EntityChangeBlockEvent for Fire Arrows hitting TNT
Applying: Allow Disabling of 1.6.3 Structure Saving
Applying: Item Despawn Rate
Applying: Don't Special Case X Move Value
Applying: Implement respawn API.
Applying: Arrow Despawn Rate
Applying: Fix packed ice generation
Applying: Watchdog Thread.
Applying: Clear Flower Pot on Drop
Applying: Fix some chunks not being sent to the client
Applying: Fix Broken Async Chat
Applying: Orebfuscator
Applying: Optimize DataWatcher
Applying: Fire PreLogin Events in Offline Mode
Applying: BungeeCord Support
Applying: Allow Disabling Zombie Villager Aggression
Applying: Configurable Amount of Netty Threads
Applying: Prevent Mineshaft Saving
Applying: Log Cause of Unexpected Exceptions
Applying: Particle API
Applying: Save ticks lived to nbttag
Applying: More Efficient GetCubes
Applying: Add Option to Nerf Mobs from Spawner's
Applying: Warn if PermGen may be insufficient
Applying: Disable Connected Check on setScoreboard
Applying: Add Late Bind Option
Applying: Allow statistics to be disabled/forced
Applying: Fix ItemStack Unbreakable Code
Applying: Try and Debug Crash Reports Crashing
Applying: Improve AutoSave Mechanism
Applying: Catch stalling on corrupted map data / NBT arrays.
Applying: Allow toggling of ZombiePigmen spawning in portal blocks
Applying: Highly Optimized Tick Loop
Applying: Configurable Ping Sample Size
Applying: Add Optional Tick Shuffling
Applying: Allow Configuring Chunks per Packet
Applying: Implement Locale Getter for Players
Applying: Cap Entity Collisions
Applying: Fix dispensing bone meal not having the correct data value
Applying: Spam Filter Exclusions
Applying: Add Option to Silence CommandBlock Console
Applying: Add support for fetching hidden players
Applying: Allow Disabling Creative Item Filter
Applying: Cap Channel Registrations
Applying: Allow vanilla commands to be the main version of a command
Applying: Unfinalize the isDisconnected() method by bukkit.
Applying: Implement Silenceable Lightning API
Applying: Use one PermissibleBase for all Command Blocks
Applying: Prevent hoppers from loading chunks
Applying: Guard Entity List
Applying: Fix ConcurrentModificationException while being idle kicked in a vehicle
Applying: Cancellable WitherSkull potion effect
Applying: Descriptive kick reasons instead of Nope!
Applying: Configurable dragon death and wither spawn sounds
Applying: Display 'Spigot' in client crashes, server lists and Mojang stats
Applying: Treat Bungee as Online Mode
Applying: Add Conversion Message
Applying: Properly cancel fishing event. Fixes BUKKIT-5396
Applying: Print Stack on InternalException
Applying: Use Offline Player Data Once if Required.
Applying: Use Provided Case for Non Existent Offline Players
Applying: Check for blank OfflinePlayer Names
Applying: Fix Player Banning
Applying: Fix ban expire dates.
Applying: Correct Ban Expiration
Applying: Convert Horses owner to UUID
Applying: Add Score.isScoreSet()Z API.
Applying: Log null TileEntity Owner
Applying: Don't special case 'invalid' usernames for UUIDs.
Applying: Convert player skulls async
Applying: Prevent NoClassDefError crash and notify on crash
Applying: Check Skull canPlace
Applying: Fix race condition that could kill connections before they were initiated
Applying: Configurable UserCache cap
Applying: Implement PlayerSpawnLocationEvent.
Applying: Cap Objective Score Length
Applying: Process conversation input on the main thread. Fixes BUKKIT-5611
Applying: Configurable save-on-stop-only for UserCache
Applying: Prevent Unbounded IntCache Growth
Applying: Add damager to the unhandled error
Applying: Cross World Entity Teleportation
Applying: Limit block placement/interaction packets
Applying: Better item validation
Applying: Further Seed Customisation
Applying: Disable ResourceLeakDetector
Applying: Add More Information to session.lock Errors
Applying: Safer JSON Loading
Applying: Fix Slow "Loading Libraries"
Applying: Add CommandLine EULA Flag
Applying: Fix for enchanting table wiping meta when placing stacked items
Applying: Don't spawn bonus ocelots when plugins spawn ocelots
Applying: Prevent a crash involving attributes
Applying: Make "moved wrongly" limit configurable
Applying: Fix Null Tile Entity Worlds
Applying: Make "moved too quickly" limit configurable
Applying: Apply NBTReadLimiter to more things.
Applying: Allow Attribute Capping.
Applying: Only fetch an online UUID in online mode
Applying: Filter attribute modifiers which cause the attribute to go out of its range
Applying: Plug WorldMap Memory Leak
Applying: Fix Corrupted Trapped Chest
Applying: Remove uneeded validation
Applying: Add Hunger Config Values
Applying: Make debug logging togglable.
Applying: Skip invalid enchants in CraftMetaItem
Applying: Limit TNT Detonations per tick
Applying: Added isUnbreakable and setUnbreakable to ItemMeta
Applying: Configurable Hanging Tick
Applying: Refactor ItemDoor Place
Applying: BungeeCord Chat API
Applying: Use Standard List for EntitySlices.
Applying: Allow Capping (Tile)Entity Tick Time.
Applying: Use FastMatches for ItemStack Dirty Check
Applying: Use CLQ for main thread tasks.
Applying: map decoration fix
Applying: Use Map for getPlayer(String) lookup.
Applying: Clear Packet Queue on Disconnect
Applying: Optimize Chunk Saving Memory Allocation and Compression
Applying: More effecient RegionFile zero'ing
Applying: Don't sleep between chunk saves
  Patches applied cleanly to Spigot-Server
*** Spigot patches applied!
Compiling Spigot & Spigot-API
[INFO] Scanning for projects...
[WARNING] 
[WARNING] Some problems were encountered while building the effective model for org.spigotmc:spigot-api:jar:1.8.8-R0.1-SNAPSHOT
[WARNING] 'parent.relativePath' points at org.spigotmc:spigot-parent instead of org.sonatype.oss:oss-parent, please verify your project structure @ line 6, column 13
[WARNING] 
[WARNING] It is highly recommended to fix these problems because they threaten the stability of your build.
[WARNING] 
[WARNING] For this reason, future Maven versions might no longer support building such malformed projects.
[WARNING] 
[INFO] ------------------------------------------------------------------------
[INFO] Reactor Build Order:
[INFO] 
[INFO] Spigot-API
[INFO] Spigot-Parent
[INFO] Spigot
[INFO]                                                                         
[INFO] ------------------------------------------------------------------------
[INFO] Building Spigot-API 1.8.8-R0.1-SNAPSHOT
[INFO] ------------------------------------------------------------------------
Downloading: https://oss.sonatype.org/content/repositories/snapshots/net/md-5/bungeecord-chat/1.8-SNAPSHOT/maven-metadata.xml
2/2 KB   
         
Downloaded: https://oss.sonatype.org/content/repositories/snapshots/net/md-5/bungeecord-chat/1.8-SNAPSHOT/maven-metadata.xml (2 KB at 1.1 KB/sec)
Downloading: https://oss.sonatype.org/content/repositories/snapshots/net/md-5/bungeecord-chat/1.8-SNAPSHOT/bungeecord-chat-1.8-20160124.084553-118.pom
2/2 KB   
         
Downloaded: https://oss.sonatype.org/content/repositories/snapshots/net/md-5/bungeecord-chat/1.8-SNAPSHOT/bungeecord-chat-1.8-20160124.084553-118.pom (2 KB at 5.7 KB/sec)
Downloading: https://oss.sonatype.org/content/repositories/snapshots/net/md-5/bungeecord-parent/1.8-SNAPSHOT/maven-metadata.xml
602/602 B   
            
Downloaded: https://oss.sonatype.org/content/repositories/snapshots/net/md-5/bungeecord-parent/1.8-SNAPSHOT/maven-metadata.xml (602 B at 3.0 KB/sec)
Downloading: https://oss.sonatype.org/content/repositories/snapshots/net/md-5/bungeecord-parent/1.8-SNAPSHOT/bungeecord-parent-1.8-20160124.084543-118.pom
4/6 KB      
6/6 KB   
         
Downloaded: https://oss.sonatype.org/content/repositories/snapshots/net/md-5/bungeecord-parent/1.8-SNAPSHOT/bungeecord-parent-1.8-20160124.084543-118.pom (6 KB at 26.4 KB/sec)
Downloading: https://repo.maven.apache.org/maven2/com/google/code/gson/gson/2.3.1/gson-2.3.1.pom
4/9 KB   
8/9 KB   
9/9 KB   
         
Downloaded: https://repo.maven.apache.org/maven2/com/google/code/gson/gson/2.3.1/gson-2.3.1.pom (9 KB at 33.7 KB/sec)
Downloading: https://repo.maven.apache.org/maven2/com/google/guava/guava/18.0/guava-18.0.pom
         
Downloaded: https://repo.maven.apache.org/maven2/com/google/guava/guava/18.0/guava-18.0.pom (0 B at 0.0 KB/sec)
Downloading: https://repo.maven.apache.org/maven2/com/google/guava/guava-parent/18.0/guava-parent-18.0.pom
         
Downloaded: https://repo.maven.apache.org/maven2/com/google/guava/guava-parent/18.0/guava-parent-18.0.pom (0 B at 0.0 KB/sec)
Downloading: https://oss.sonatype.org/content/repositories/snapshots/net/md-5/bungeecord-chat/1.8-SNAPSHOT/bungeecord-chat-1.8-20160124.084553-118.jar
4/55 KB   
8/55 KB   
12/55 KB   
16/55 KB   
20/55 KB   
24/55 KB   
28/55 KB   
30/55 KB   
34/55 KB   
38/55 KB   
42/55 KB   
46/55 KB   
47/55 KB   
51/55 KB   
55/55 KB   
           
Downloaded: https://oss.sonatype.org/content/repositories/snapshots/net/md-5/bungeecord-chat/1.8-SNAPSHOT/bungeecord-chat-1.8-20160124.084553-118.jar (55 KB at 103.4 KB/sec)
[INFO] 
[INFO] --- maven-clean-plugin:2.5:clean (default-clean) @ spigot-api ---
[INFO] 
[INFO] --- maven-enforcer-plugin:1.2:enforce (enforce-maven) @ spigot-api ---
[INFO] 
[INFO] --- maven-resources-plugin:2.6:resources (default-resources) @ spigot-api ---
[INFO] Using 'UTF-8' encoding to copy filtered resources.
[INFO] skip non existing resourceDirectory /home/ubuntu/duckdns/Spigot/Spigot-API/src/main/resources
[INFO] 
[INFO] --- maven-compiler-plugin:3.1:compile (default-compile) @ spigot-api ---
[INFO] Changes detected - recompiling the module!
[INFO] 
[INFO] --- animal-sniffer-maven-plugin:1.13:check (default) @ spigot-api ---
[INFO] Checking unresolved references to org.codehaus.mojo.signature:java16:1.1
[INFO] 
[INFO] --- maven-resources-plugin:2.6:testResources (default-testResources) @ spigot-api ---
[INFO] Using 'UTF-8' encoding to copy filtered resources.
[INFO] skip non existing resourceDirectory /home/ubuntu/duckdns/Spigot/Spigot-API/src/test/resources
[INFO] 
[INFO] --- maven-compiler-plugin:3.1:testCompile (default-testCompile) @ spigot-api ---
[INFO] Changes detected - recompiling the module!
[INFO] 
[INFO] --- maven-surefire-plugin:2.12.4:test (default-test) @ spigot-api ---
[INFO] Surefire report directory: /home/ubuntu/duckdns/Spigot/Spigot-API/target/surefire-reports

-------------------------------------------------------
 T E S T S
-------------------------------------------------------
Running org.bukkit.EntityEffectTest
Tests run: 1, Failures: 0, Errors: 0, Skipped: 0, Time elapsed: 0.129 sec
Running org.bukkit.util.io.BukkitObjectStreamTest
Tests run: 6, Failures: 0, Errors: 0, Skipped: 3, Time elapsed: 0.238 sec
Running org.bukkit.util.StringUtilTest
Tests run: 8, Failures: 0, Errors: 0, Skipped: 0, Time elapsed: 0.014 sec
Running org.bukkit.util.StringUtilStartsWithTest
Tests run: 10, Failures: 0, Errors: 0, Skipped: 0, Time elapsed: 0.035 sec
Running org.bukkit.NoteTest
Tests run: 17, Failures: 0, Errors: 0, Skipped: 0, Time elapsed: 0.052 sec
Running org.bukkit.conversations.ConversationContextTest
Tests run: 3, Failures: 0, Errors: 0, Skipped: 0, Time elapsed: 0.007 sec
Running org.bukkit.conversations.ConversationTest
Tests run: 4, Failures: 0, Errors: 0, Skipped: 0, Time elapsed: 0.016 sec
Running org.bukkit.conversations.ValidatingPromptTest
Tests run: 4, Failures: 0, Errors: 0, Skipped: 0, Time elapsed: 0.038 sec
Running org.bukkit.metadata.MetadataConversionTest
Tests run: 5, Failures: 0, Errors: 0, Skipped: 0, Time elapsed: 0.011 sec
Running org.bukkit.metadata.FixedMetadataValueTest
Tests run: 3, Failures: 0, Errors: 0, Skipped: 0, Time elapsed: 0.004 sec
Running org.bukkit.metadata.MetadataStoreTest
Tests run: 9, Failures: 0, Errors: 0, Skipped: 0, Time elapsed: 0.029 sec
Running org.bukkit.metadata.LazyMetadataValueTest
Tests run: 8, Failures: 0, Errors: 0, Skipped: 0, Time elapsed: 0.017 sec
Running org.bukkit.metadata.MetadataValueAdapterTest
Tests run: 4, Failures: 0, Errors: 0, Skipped: 0, Time elapsed: 0.003 sec
Running org.bukkit.CropStateTest
Tests run: 1, Failures: 0, Errors: 0, Skipped: 0, Time elapsed: 0.007 sec
Running org.bukkit.EffectTest
Tests run: 1, Failures: 0, Errors: 0, Skipped: 0, Time elapsed: 0.006 sec
Running org.bukkit.CoalTypeTest
Tests run: 1, Failures: 0, Errors: 0, Skipped: 0, Time elapsed: 0.005 sec
Running org.bukkit.ColorTest
Tests run: 52, Failures: 0, Errors: 0, Skipped: 0, Time elapsed: 0.211 sec
Running org.bukkit.InstrumentTest
Tests run: 1, Failures: 0, Errors: 0, Skipped: 0, Time elapsed: 0.005 sec
Running org.bukkit.ChatPaginatorTest
Tests run: 14, Failures: 0, Errors: 0, Skipped: 0, Time elapsed: 0.042 sec
Running org.bukkit.WorldTypeTest
Tests run: 1, Failures: 0, Errors: 0, Skipped: 0, Time elapsed: 0.004 sec
Running org.bukkit.GrassSpeciesTest
Tests run: 1, Failures: 0, Errors: 0, Skipped: 0, Time elapsed: 0.002 sec
Running org.bukkit.event.PlayerChatTabCompleteEventTest
Tests run: 1, Failures: 0, Errors: 0, Skipped: 0, Time elapsed: 0.205 sec
Running org.bukkit.event.SyntheticEventTest
Jan 25, 2016 11:23:57 AM org.bukkit.Bukkit setServer
INFO: This server is running TestServer version Version_null (Implementing API version BukkitVersion_null)
Invk org.bukkit.event.TestEvent@4fcd19b3
Tests run: 1, Failures: 0, Errors: 0, Skipped: 0, Time elapsed: 0.099 sec
Running org.bukkit.plugin.PluginManagerTest
Tests run: 11, Failures: 0, Errors: 0, Skipped: 0, Time elapsed: 0.029 sec
Running org.bukkit.plugin.messaging.StandardMessengerTest
Tests run: 16, Failures: 0, Errors: 0, Skipped: 0, Time elapsed: 0.019 sec
Running org.bukkit.plugin.TimedRegisteredListenerTest
Tests run: 1, Failures: 0, Errors: 0, Skipped: 0, Time elapsed: 0.004 sec
Running org.bukkit.DifficultyTest
Tests run: 1, Failures: 0, Errors: 0, Skipped: 0, Time elapsed: 0.001 sec
Running org.bukkit.configuration.MemoryConfigurationTest
Tests run: 6, Failures: 0, Errors: 0, Skipped: 0, Time elapsed: 0.013 sec
Running org.bukkit.configuration.MemorySectionTest
Tests run: 42, Failures: 0, Errors: 0, Skipped: 0, Time elapsed: 0.041 sec
Running org.bukkit.configuration.file.YamlConfigurationTest
Tests run: 17, Failures: 0, Errors: 0, Skipped: 0, Time elapsed: 0.122 sec
Running org.bukkit.ArtTest
Tests run: 5, Failures: 0, Errors: 0, Skipped: 0, Time elapsed: 0.009 sec
Running org.bukkit.potion.PotionTest
Tests run: 15, Failures: 0, Errors: 0, Skipped: 0, Time elapsed: 0.025 sec
Running org.bukkit.TreeSpeciesTest
Tests run: 1, Failures: 0, Errors: 0, Skipped: 0, Time elapsed: 0.004 sec
Running org.bukkit.materials.MaterialDataTest
Tests run: 1, Failures: 0, Errors: 0, Skipped: 0, Time elapsed: 0.006 sec
Running org.bukkit.GameModeTest
Tests run: 1, Failures: 0, Errors: 0, Skipped: 0, Time elapsed: 0.001 sec
Running org.bukkit.DyeColorTest
Tests run: 80, Failures: 0, Errors: 0, Skipped: 0, Time elapsed: 0.061 sec
Running org.bukkit.LocationTest
Tests run: 60, Failures: 0, Errors: 0, Skipped: 0, Time elapsed: 0.064 sec
Running org.bukkit.ChatColorTest
Tests run: 10, Failures: 0, Errors: 0, Skipped: 0, Time elapsed: 0.012 sec
Running org.bukkit.MaterialTest
Tests run: 10, Failures: 0, Errors: 0, Skipped: 0, Time elapsed: 0.088 sec
Running org.bukkit.BukkitMirrorTest
Tests run: 485, Failures: 0, Errors: 0, Skipped: 0, Time elapsed: 0.237 sec

Results :

Tests run: 918, Failures: 0, Errors: 0, Skipped: 3

[INFO] 
[INFO] --- maven-jar-plugin:2.4:jar (default-jar) @ spigot-api ---
[INFO] Building jar: /home/ubuntu/duckdns/Spigot/Spigot-API/target/spigot-api-1.8.8-R0.1-SNAPSHOT.jar
[INFO] 
[INFO] --- maven-shade-plugin:2.3:shade (default) @ spigot-api ---
[INFO] Including commons-lang:commons-lang:jar:2.6 in the shaded jar.
[INFO] Including com.googlecode.json-simple:json-simple:jar:1.1.1 in the shaded jar.
[INFO] Including com.google.guava:guava:jar:17.0 in the shaded jar.
[INFO] Including com.google.code.gson:gson:jar:2.2.4 in the shaded jar.
[INFO] Including org.avaje:ebean:jar:2.8.1 in the shaded jar.
[INFO] Including javax.persistence:persistence-api:jar:1.0 in the shaded jar.
[INFO] Including org.yaml:snakeyaml:jar:1.15 in the shaded jar.
[INFO] Including net.md-5:bungeecord-chat:jar:1.8-SNAPSHOT in the shaded jar.
[INFO] Attaching shaded artifact.
[INFO] 
[INFO] --- maven-install-plugin:2.4:install (default-install) @ spigot-api ---
[INFO] Installing /home/ubuntu/duckdns/Spigot/Spigot-API/target/spigot-api-1.8.8-R0.1-SNAPSHOT.jar to /home/ubuntu/.m2/repository/org/spigotmc/spigot-api/1.8.8-R0.1-SNAPSHOT/spigot-api-1.8.8-R0.1-SNAPSHOT.jar
[INFO] Installing /home/ubuntu/duckdns/Spigot/Spigot-API/pom.xml to /home/ubuntu/.m2/repository/org/spigotmc/spigot-api/1.8.8-R0.1-SNAPSHOT/spigot-api-1.8.8-R0.1-SNAPSHOT.pom
[INFO] Installing /home/ubuntu/duckdns/Spigot/Spigot-API/target/spigot-api-1.8.8-R0.1-SNAPSHOT-shaded.jar to /home/ubuntu/.m2/repository/org/spigotmc/spigot-api/1.8.8-R0.1-SNAPSHOT/spigot-api-1.8.8-R0.1-SNAPSHOT-shaded.jar
[INFO]                                                                         
[INFO] ------------------------------------------------------------------------
[INFO] Building Spigot-Parent dev-SNAPSHOT
[INFO] ------------------------------------------------------------------------
Downloading: https://repo.maven.apache.org/maven2/org/apache/maven/plugins/maven-enforcer-plugin/1.0/maven-enforcer-plugin-1.0.pom
4/7 KB     
7/7 KB   
         
Downloaded: https://repo.maven.apache.org/maven2/org/apache/maven/plugins/maven-enforcer-plugin/1.0/maven-enforcer-plugin-1.0.pom (7 KB at 101.1 KB/sec)
Downloading: https://repo.maven.apache.org/maven2/org/apache/maven/enforcer/enforcer/1.0/enforcer-1.0.pom
4/12 KB   
8/12 KB   
12/12 KB   
           
Downloaded: https://repo.maven.apache.org/maven2/org/apache/maven/enforcer/enforcer/1.0/enforcer-1.0.pom (12 KB at 152.0 KB/sec)
Downloading: https://repo.maven.apache.org/maven2/org/apache/maven/maven-parent/17/maven-parent-17.pom
4/25 KB    
8/25 KB   
12/25 KB   
16/25 KB   
20/25 KB   
24/25 KB   
25/25 KB   
           
Downloaded: https://repo.maven.apache.org/maven2/org/apache/maven/maven-parent/17/maven-parent-17.pom (25 KB at 248.2 KB/sec)
Downloading: https://repo.maven.apache.org/maven2/org/apache/maven/plugins/maven-enforcer-plugin/1.0/maven-enforcer-plugin-1.0.jar
4/22 KB    
8/22 KB   
12/22 KB   
16/22 KB   
20/22 KB   
22/22 KB   
           
Downloaded: https://repo.maven.apache.org/maven2/org/apache/maven/plugins/maven-enforcer-plugin/1.0/maven-enforcer-plugin-1.0.jar (22 KB at 305.3 KB/sec)
[INFO] 
[INFO] --- maven-clean-plugin:2.5:clean (default-clean) @ spigot-parent ---
Downloading: https://repo.maven.apache.org/maven2/org/codehaus/plexus/plexus-utils/3.0/plexus-utils-3.0.jar
           
Downloaded: https://repo.maven.apache.org/maven2/org/codehaus/plexus/plexus-utils/3.0/plexus-utils-3.0.jar (0 B at 0.0 KB/sec)
[INFO] 
[INFO] --- maven-enforcer-plugin:1.0:enforce (enforce-maven) @ spigot-parent ---
Downloading: https://repo.maven.apache.org/maven2/org/apache/maven/enforcer/enforcer-api/1.0/enforcer-api-1.0.pom
4/4 KB     
         
Downloaded: https://repo.maven.apache.org/maven2/org/apache/maven/enforcer/enforcer-api/1.0/enforcer-api-1.0.pom (4 KB at 49.2 KB/sec)
Downloading: https://repo.maven.apache.org/maven2/org/apache/maven/enforcer/enforcer-rules/1.0/enforcer-rules-1.0.pom
4/5 KB   
5/5 KB   
         
Downloaded: https://repo.maven.apache.org/maven2/org/apache/maven/enforcer/enforcer-rules/1.0/enforcer-rules-1.0.pom (5 KB at 60.2 KB/sec)
Downloading: https://repo.maven.apache.org/maven2/org/apache/maven/shared/maven-dependency-tree/1.2/maven-dependency-tree-1.2.pom
4/4 KB   
         
Downloaded: https://repo.maven.apache.org/maven2/org/apache/maven/shared/maven-dependency-tree/1.2/maven-dependency-tree-1.2.pom (4 KB at 53.4 KB/sec)
Downloading: https://repo.maven.apache.org/maven2/org/apache/maven/shared/maven-shared-components/9/maven-shared-components-9.pom
4/4 KB   
         
Downloaded: https://repo.maven.apache.org/maven2/org/apache/maven/shared/maven-shared-components/9/maven-shared-components-9.pom (4 KB at 53.4 KB/sec)
Downloading: https://repo.maven.apache.org/maven2/org/apache/maven/reporting/maven-reporting-api/2.0.9/maven-reporting-api-2.0.9.jar
Downloading: https://repo.maven.apache.org/maven2/org/apache/maven/doxia/doxia-sink-api/1.0-alpha-10/doxia-sink-api-1.0-alpha-10.jar
Downloading: https://repo.maven.apache.org/maven2/commons-cli/commons-cli/1.0/commons-cli-1.0.jar
Downloading: https://repo.maven.apache.org/maven2/org/codehaus/plexus/plexus-interactivity-api/1.0-alpha-4/plexus-interactivity-api-1.0-alpha-4.jar
Downloading: https://repo.maven.apache.org/maven2/org/codehaus/plexus/plexus-utils/1.5.8/plexus-utils-1.5.8.jar
         
Downloaded: https://repo.maven.apache.org/maven2/commons-cli/commons-cli/1.0/commons-cli-1.0.jar (0 B at 0.0 KB/sec)
Downloading: https://repo.maven.apache.org/maven2/commons-lang/commons-lang/2.3/commons-lang-2.3.jar
         
Downloaded: https://repo.maven.apache.org/maven2/commons-lang/commons-lang/2.3/commons-lang-2.3.jar (0 B at 0.0 KB/sec)
Downloading: https://repo.maven.apache.org/maven2/org/apache/maven/enforcer/enforcer-api/1.0/enforcer-api-1.0.jar
         
Downloaded: https://repo.maven.apache.org/maven2/org/apache/maven/doxia/doxia-sink-api/1.0-alpha-10/doxia-sink-api-1.0-alpha-10.jar (0 B at 0.0 KB/sec)
Downloading: https://repo.maven.apache.org/maven2/org/apache/maven/enforcer/enforcer-rules/1.0/enforcer-rules-1.0.jar
         
Downloaded: https://repo.maven.apache.org/maven2/org/apache/maven/reporting/maven-reporting-api/2.0.9/maven-reporting-api-2.0.9.jar (0 B at 0.0 KB/sec)
Downloading: https://repo.maven.apache.org/maven2/org/apache/maven/shared/maven-common-artifact-filters/1.2/maven-common-artifact-filters-1.2.jar
         
Downloaded: https://repo.maven.apache.org/maven2/org/codehaus/plexus/plexus-utils/1.5.8/plexus-utils-1.5.8.jar (0 B at 0.0 KB/sec)
Downloading: https://repo.maven.apache.org/maven2/org/beanshell/bsh/2.0b4/bsh-2.0b4.jar
         
Downloaded: https://repo.maven.apache.org/maven2/org/codehaus/plexus/plexus-interactivity-api/1.0-alpha-4/plexus-interactivity-api-1.0-alpha-4.jar (0 B at 0.0 KB/sec)
Downloading: https://repo.maven.apache.org/maven2/org/apache/maven/shared/maven-dependency-tree/1.2/maven-dependency-tree-1.2.jar
4/10 KB   
8/10 KB   
10/10 KB   
           
Downloaded: https://repo.maven.apache.org/maven2/org/apache/maven/shared/maven-common-artifact-filters/1.2/maven-common-artifact-filters-1.2.jar (0 B at 0.0 KB/sec)
Downloading: https://repo.maven.apache.org/maven2/org/codehaus/plexus/plexus-i18n/1.0-beta-6/plexus-i18n-1.0-beta-6.jar
           
Downloaded: https://repo.maven.apache.org/maven2/org/beanshell/bsh/2.0b4/bsh-2.0b4.jar (0 B at 0.0 KB/sec)
           
Downloaded: https://repo.maven.apache.org/maven2/org/apache/maven/enforcer/enforcer-api/1.0/enforcer-api-1.0.jar (10 KB at 69.9 KB/sec)
           
Downloaded: https://repo.maven.apache.org/maven2/org/codehaus/plexus/plexus-i18n/1.0-beta-6/plexus-i18n-1.0-beta-6.jar (0 B at 0.0 KB/sec)
4/34 KB    
8/34 KB   4/60 KB   
12/34 KB   4/60 KB   
16/34 KB   4/60 KB   
4/34 KB   4/60 KB   
16/34 KB   8/60 KB   
16/34 KB   12/60 KB   
16/34 KB   16/60 KB   
20/34 KB   16/60 KB   
24/34 KB   20/60 KB   
28/34 KB   20/60 KB   
32/34 KB   20/60 KB   
34/34 KB   20/60 KB   
20/34 KB   20/60 KB   
34/34 KB   24/60 KB   
34/34 KB   28/60 KB   
34/34 KB   32/60 KB   
34/34 KB   36/60 KB   
34/34 KB   40/60 KB   
34/34 KB   44/60 KB   
34/34 KB   48/60 KB   
34/34 KB   52/60 KB   
34/34 KB   56/60 KB   
34/34 KB   60/60 KB   
34/34 KB   60/60 KB   
                      
Downloaded: https://repo.maven.apache.org/maven2/org/apache/maven/shared/maven-dependency-tree/1.2/maven-dependency-tree-1.2.jar (34 KB at 147.4 KB/sec)
                      
Downloaded: https://repo.maven.apache.org/maven2/org/apache/maven/enforcer/enforcer-rules/1.0/enforcer-rules-1.0.jar (60 KB at 244.0 KB/sec)
[INFO] 
[INFO] --- maven-install-plugin:2.4:install (default-install) @ spigot-parent ---
[INFO] Installing /home/ubuntu/duckdns/Spigot/pom.xml to /home/ubuntu/.m2/repository/org/spigotmc/spigot-parent/dev-SNAPSHOT/spigot-parent-dev-SNAPSHOT.pom
[INFO]                                                                         
[INFO] ------------------------------------------------------------------------
[INFO] Building Spigot 1.8.8-R0.1-SNAPSHOT
[INFO] ------------------------------------------------------------------------
Downloading: http://repo.md-5.net/content/repositories/releases/net/sf/trove4j/trove4j/3.0.3/trove4j-3.0.3.pom
                      
Downloading: https://repo.maven.apache.org/maven2/net/sf/trove4j/trove4j/3.0.3/trove4j-3.0.3.pom
2/2 KB                
         
Downloaded: https://repo.maven.apache.org/maven2/net/sf/trove4j/trove4j/3.0.3/trove4j-3.0.3.pom (2 KB at 22.0 KB/sec)
Downloading: http://repo.md-5.net/content/repositories/releases/net/md-5/bungeecord-chat/1.8-SNAPSHOT/maven-metadata.xml
         
Downloading: http://repo.md-5.net/content/repositories/releases/net/sf/trove4j/trove4j/3.0.3/trove4j-3.0.3.jar
         
Downloading: https://repo.maven.apache.org/maven2/net/sf/trove4j/trove4j/3.0.3/trove4j-3.0.3.jar
4/2465 KB   
8/2465 KB   
12/2465 KB   
16/2465 KB   
20/2465 KB   
24/2465 KB   
28/2465 KB   
32/2465 KB   
36/2465 KB   
40/2465 KB   
44/2465 KB   
48/2465 KB   
52/2465 KB   
56/2465 KB   
60/2465 KB   
64/2465 KB   
68/2465 KB   
72/2465 KB   
76/2465 KB   
80/2465 KB   
84/2465 KB   
88/2465 KB   
92/2465 KB   
96/2465 KB   
100/2465 KB   
104/2465 KB   
108/2465 KB   
112/2465 KB   
116/2465 KB   
120/2465 KB   
124/2465 KB   
128/2465 KB   
132/2465 KB   
136/2465 KB   
140/2465 KB   
144/2465 KB   
148/2465 KB   
152/2465 KB   
156/2465 KB   
160/2465 KB   
164/2465 KB   
168/2465 KB   
172/2465 KB   
176/2465 KB   
180/2465 KB   
184/2465 KB   
188/2465 KB   
190/2465 KB   
194/2465 KB   
198/2465 KB   
202/2465 KB   
206/2465 KB   
210/2465 KB   
214/2465 KB   
218/2465 KB   
222/2465 KB   
226/2465 KB   
230/2465 KB   
234/2465 KB   
238/2465 KB   
242/2465 KB   
246/2465 KB   
250/2465 KB   
254/2465 KB   
258/2465 KB   
262/2465 KB   
266/2465 KB   
270/2465 KB   
274/2465 KB   
278/2465 KB   
282/2465 KB   
286/2465 KB   
290/2465 KB   
294/2465 KB   
298/2465 KB   
302/2465 KB   
306/2465 KB   
310/2465 KB   
314/2465 KB   
318/2465 KB   
322/2465 KB   
326/2465 KB   
330/2465 KB   
334/2465 KB   
338/2465 KB   
342/2465 KB   
346/2465 KB   
350/2465 KB   
354/2465 KB   
358/2465 KB   
362/2465 KB   
366/2465 KB   
370/2465 KB   
374/2465 KB   
378/2465 KB   
382/2465 KB   
386/2465 KB   
390/2465 KB   
394/2465 KB   
398/2465 KB   
402/2465 KB   
406/2465 KB   
410/2465 KB   
414/2465 KB   
418/2465 KB   
422/2465 KB   
426/2465 KB   
430/2465 KB   
434/2465 KB   
438/2465 KB   
442/2465 KB   
446/2465 KB   
450/2465 KB   
454/2465 KB   
458/2465 KB   
462/2465 KB   
466/2465 KB   
470/2465 KB   
474/2465 KB   
478/2465 KB   
482/2465 KB   
486/2465 KB   
490/2465 KB   
494/2465 KB   
498/2465 KB   
502/2465 KB   
506/2465 KB   
510/2465 KB   
514/2465 KB   
518/2465 KB   
522/2465 KB   
526/2465 KB   
530/2465 KB   
534/2465 KB   
538/2465 KB   
542/2465 KB   
546/2465 KB   
550/2465 KB   
554/2465 KB   
558/2465 KB   
562/2465 KB   
566/2465 KB   
570/2465 KB   
574/2465 KB   
578/2465 KB   
582/2465 KB   
586/2465 KB   
590/2465 KB   
594/2465 KB   
598/2465 KB   
602/2465 KB   
606/2465 KB   
610/2465 KB   
614/2465 KB   
618/2465 KB   
622/2465 KB   
626/2465 KB   
630/2465 KB   
634/2465 KB   
638/2465 KB   
642/2465 KB   
646/2465 KB   
650/2465 KB   
654/2465 KB   
658/2465 KB   
662/2465 KB   
666/2465 KB   
670/2465 KB   
674/2465 KB   
678/2465 KB   
682/2465 KB   
686/2465 KB   
690/2465 KB   
694/2465 KB   
698/2465 KB   
702/2465 KB   
706/2465 KB   
710/2465 KB   
714/2465 KB   
718/2465 KB   
722/2465 KB   
726/2465 KB   
730/2465 KB   
734/2465 KB   
738/2465 KB   
742/2465 KB   
746/2465 KB   
750/2465 KB   
754/2465 KB   
758/2465 KB   
762/2465 KB   
766/2465 KB   
770/2465 KB   
774/2465 KB   
778/2465 KB   
782/2465 KB   
786/2465 KB   
790/2465 KB   
794/2465 KB   
798/2465 KB   
802/2465 KB   
806/2465 KB   
810/2465 KB   
814/2465 KB   
818/2465 KB   
822/2465 KB   
826/2465 KB   
830/2465 KB   
834/2465 KB   
838/2465 KB   
842/2465 KB   
846/2465 KB   
850/2465 KB   
854/2465 KB   
858/2465 KB   
862/2465 KB   
866/2465 KB   
870/2465 KB   
874/2465 KB   
878/2465 KB   
882/2465 KB   
886/2465 KB   
890/2465 KB   
894/2465 KB   
898/2465 KB   
902/2465 KB   
906/2465 KB   
910/2465 KB   
914/2465 KB   
918/2465 KB   
922/2465 KB   
926/2465 KB   
930/2465 KB   
934/2465 KB   
938/2465 KB   
942/2465 KB   
946/2465 KB   
950/2465 KB   
954/2465 KB   
958/2465 KB   
962/2465 KB   
966/2465 KB   
970/2465 KB   
974/2465 KB   
978/2465 KB   
982/2465 KB   
986/2465 KB   
990/2465 KB   
994/2465 KB   
998/2465 KB   
1002/2465 KB   
1006/2465 KB   
1010/2465 KB   
1014/2465 KB   
1018/2465 KB   
1022/2465 KB   
1026/2465 KB   
1030/2465 KB   
1034/2465 KB   
1038/2465 KB   
1042/2465 KB   
1046/2465 KB   
1050/2465 KB   
1054/2465 KB   
1058/2465 KB   
1062/2465 KB   
1066/2465 KB   
1070/2465 KB   
1074/2465 KB   
1078/2465 KB   
1082/2465 KB   
1086/2465 KB   
1090/2465 KB   
1094/2465 KB   
1098/2465 KB   
1102/2465 KB   
1106/2465 KB   
1110/2465 KB   
1114/2465 KB   
1118/2465 KB   
1122/2465 KB   
1126/2465 KB   
1130/2465 KB   
1134/2465 KB   
1138/2465 KB   
1142/2465 KB   
1146/2465 KB   
1150/2465 KB   
1154/2465 KB   
1158/2465 KB   
1162/2465 KB   
1166/2465 KB   
1170/2465 KB   
1174/2465 KB   
1178/2465 KB   
1182/2465 KB   
1186/2465 KB   
1190/2465 KB   
1194/2465 KB   
1198/2465 KB   
1202/2465 KB   
1206/2465 KB   
1210/2465 KB   
1214/2465 KB   
1218/2465 KB   
1222/2465 KB   
1226/2465 KB   
1230/2465 KB   
1234/2465 KB   
1238/2465 KB   
1242/2465 KB   
1246/2465 KB   
1250/2465 KB   
1254/2465 KB   
1258/2465 KB   
1262/2465 KB   
1266/2465 KB   
1270/2465 KB   
1274/2465 KB   
1278/2465 KB   
1282/2465 KB   
1286/2465 KB   
1290/2465 KB   
1294/2465 KB   
1298/2465 KB   
1302/2465 KB   
1306/2465 KB   
1310/2465 KB   
1314/2465 KB   
1318/2465 KB   
1322/2465 KB   
1326/2465 KB   
1330/2465 KB   
1334/2465 KB   
1338/2465 KB   
1342/2465 KB   
1346/2465 KB   
1350/2465 KB   
1354/2465 KB   
1358/2465 KB   
1362/2465 KB   
1366/2465 KB   
1370/2465 KB   
1374/2465 KB   
1378/2465 KB   
1382/2465 KB   
1386/2465 KB   
1390/2465 KB   
1394/2465 KB   
1398/2465 KB   
1402/2465 KB   
1406/2465 KB   
1410/2465 KB   
1414/2465 KB   
1418/2465 KB   
1422/2465 KB   
1426/2465 KB   
1430/2465 KB   
1434/2465 KB   
1438/2465 KB   
1442/2465 KB   
1446/2465 KB   
1450/2465 KB   
1454/2465 KB   
1458/2465 KB   
1462/2465 KB   
1466/2465 KB   
1470/2465 KB   
1474/2465 KB   
1478/2465 KB   
1482/2465 KB   
1486/2465 KB   
1490/2465 KB   
1494/2465 KB   
1498/2465 KB   
1502/2465 KB   
1506/2465 KB   
1510/2465 KB   
1514/2465 KB   
1518/2465 KB   
1522/2465 KB   
1526/2465 KB   
1530/2465 KB   
1534/2465 KB   
1538/2465 KB   
1542/2465 KB   
1546/2465 KB   
1550/2465 KB   
1554/2465 KB   
1558/2465 KB   
1562/2465 KB   
1566/2465 KB   
1570/2465 KB   
1574/2465 KB   
1578/2465 KB   
1582/2465 KB   
1586/2465 KB   
1590/2465 KB   
1594/2465 KB   
1598/2465 KB   
1602/2465 KB   
1606/2465 KB   
1610/2465 KB   
1614/2465 KB   
1618/2465 KB   
1622/2465 KB   
1626/2465 KB   
1630/2465 KB   
1634/2465 KB   
1638/2465 KB   
1642/2465 KB   
1646/2465 KB   
1650/2465 KB   
1654/2465 KB   
1658/2465 KB   
1662/2465 KB   
1666/2465 KB   
1670/2465 KB   
1674/2465 KB   
1678/2465 KB   
1682/2465 KB   
1686/2465 KB   
1690/2465 KB   
1694/2465 KB   
1698/2465 KB   
1702/2465 KB   
1706/2465 KB   
1710/2465 KB   
1714/2465 KB   
1718/2465 KB   
1722/2465 KB   
1726/2465 KB   
1730/2465 KB   
1734/2465 KB   
1738/2465 KB   
1742/2465 KB   
1746/2465 KB   
1750/2465 KB   
1754/2465 KB   
1758/2465 KB   
1762/2465 KB   
1766/2465 KB   
1770/2465 KB   
1774/2465 KB   
1778/2465 KB   
1782/2465 KB   
1786/2465 KB   
1790/2465 KB   
1794/2465 KB   
1798/2465 KB   
1802/2465 KB   
1806/2465 KB   
1810/2465 KB   
1814/2465 KB   
1818/2465 KB   
1822/2465 KB   
1826/2465 KB   
1830/2465 KB   
1834/2465 KB   
1838/2465 KB   
1842/2465 KB   
1846/2465 KB   
1850/2465 KB   
1854/2465 KB   
1858/2465 KB   
1862/2465 KB   
1866/2465 KB   
1870/2465 KB   
1874/2465 KB   
1878/2465 KB   
1882/2465 KB   
1886/2465 KB   
1890/2465 KB   
1894/2465 KB   
1898/2465 KB   
1902/2465 KB   
1906/2465 KB   
1910/2465 KB   
1914/2465 KB   
1918/2465 KB   
1922/2465 KB   
1926/2465 KB   
1930/2465 KB   
1934/2465 KB   
1938/2465 KB   
1942/2465 KB   
1946/2465 KB   
1950/2465 KB   
1954/2465 KB   
1958/2465 KB   
1962/2465 KB   
1966/2465 KB   
1970/2465 KB   
1974/2465 KB   
1978/2465 KB   
1982/2465 KB   
1986/2465 KB   
1990/2465 KB   
1994/2465 KB   
1998/2465 KB   
2002/2465 KB   
2006/2465 KB   
2010/2465 KB   
2014/2465 KB   
2018/2465 KB   
2022/2465 KB   
2026/2465 KB   
2030/2465 KB   
2034/2465 KB   
2038/2465 KB   
2042/2465 KB   
2046/2465 KB   
2050/2465 KB   
2054/2465 KB   
2058/2465 KB   
2062/2465 KB   
2066/2465 KB   
2070/2465 KB   
2074/2465 KB   
2078/2465 KB   
2082/2465 KB   
2086/2465 KB   
2090/2465 KB   
2094/2465 KB   
2098/2465 KB   
2102/2465 KB   
2106/2465 KB   
2110/2465 KB   
2114/2465 KB   
2118/2465 KB   
2122/2465 KB   
2126/2465 KB   
2130/2465 KB   
2134/2465 KB   
2138/2465 KB   
2142/2465 KB   
2146/2465 KB   
2150/2465 KB   
2154/2465 KB   
2158/2465 KB   
2162/2465 KB   
2166/2465 KB   
2170/2465 KB   
2174/2465 KB   
2178/2465 KB   
2182/2465 KB   
2186/2465 KB   
2190/2465 KB   
2194/2465 KB   
2198/2465 KB   
2202/2465 KB   
2206/2465 KB   
2210/2465 KB   
2214/2465 KB   
2218/2465 KB   
2222/2465 KB   
2226/2465 KB   
2230/2465 KB   
2234/2465 KB   
2238/2465 KB   
2242/2465 KB   
2246/2465 KB   
2250/2465 KB   
2254/2465 KB   
2258/2465 KB   
2262/2465 KB   
2266/2465 KB   
2270/2465 KB   
2274/2465 KB   
2278/2465 KB   
2282/2465 KB   
2286/2465 KB   
2290/2465 KB   
2294/2465 KB   
2298/2465 KB   
2302/2465 KB   
2306/2465 KB   
2310/2465 KB   
2314/2465 KB   
2318/2465 KB   
2322/2465 KB   
2326/2465 KB   
2330/2465 KB   
2334/2465 KB   
2338/2465 KB   
2342/2465 KB   
2346/2465 KB   
2350/2465 KB   
2354/2465 KB   
2358/2465 KB   
2362/2465 KB   
2366/2465 KB   
2370/2465 KB   
2374/2465 KB   
2378/2465 KB   
2382/2465 KB   
2386/2465 KB   
2390/2465 KB   
2394/2465 KB   
2398/2465 KB   
2402/2465 KB   
2406/2465 KB   
2410/2465 KB   
2414/2465 KB   
2418/2465 KB   
2422/2465 KB   
2426/2465 KB   
2430/2465 KB   
2434/2465 KB   
2438/2465 KB   
2442/2465 KB   
2446/2465 KB   
2450/2465 KB   
2454/2465 KB   
2458/2465 KB   
2462/2465 KB   
2465/2465 KB   
               
Downloaded: https://repo.maven.apache.org/maven2/net/sf/trove4j/trove4j/3.0.3/trove4j-3.0.3.jar (2465 KB at 2556.1 KB/sec)
[INFO] 
[INFO] --- maven-clean-plugin:2.5:clean (default-clean) @ spigot ---
[INFO] 
[INFO] --- maven-enforcer-plugin:1.0:enforce (enforce-maven) @ spigot ---
[INFO] 
[INFO] --- scriptus:0.2:describe (ex-spigot) @ spigot ---
[INFO] Set property "spigot.desc" to "git-Spigot-db6de12"
[INFO] 
[INFO] --- scriptus:0.2:describe (ex-craftbukkit) @ spigot ---
[INFO] Set property "craftbukkit.desc" to "-07c3001"
[INFO] 
[INFO] --- maven-resources-plugin:2.6:resources (default-resources) @ spigot ---
[INFO] Using 'UTF-8' encoding to copy filtered resources.
[INFO] Copying 4 resources
[INFO] 
[INFO] --- maven-compiler-plugin:3.1:compile (default-compile) @ spigot ---
[INFO] Changes detected - recompiling the module!
[INFO] 
[INFO] --- animal-sniffer-maven-plugin:1.13:check (default) @ spigot ---
[INFO] Checking unresolved references to org.codehaus.mojo.signature:java16:1.1
[INFO] 
[INFO] --- maven-resources-plugin:2.6:testResources (default-testResources) @ spigot ---
[INFO] Using 'UTF-8' encoding to copy filtered resources.
[INFO] skip non existing resourceDirectory /home/ubuntu/duckdns/Spigot/Spigot-Server/src/test/resources
[INFO] 
[INFO] --- maven-compiler-plugin:3.1:testCompile (default-testCompile) @ spigot ---
[INFO] Changes detected - recompiling the module!
[INFO] 
[INFO] --- maven-surefire-plugin:2.18:test (default-test) @ spigot ---
[INFO] Surefire report directory: /home/ubuntu/duckdns/Spigot/Spigot-Server/target/surefire-reports

-------------------------------------------------------
 T E S T S
-------------------------------------------------------
Running org.bukkit.craftbukkit.inventory.ItemMetaTest
Jan 25, 2016 11:24:20 AM org.bukkit.Bukkit setServer
INFO: This server is running org.bukkit.support.DummyServer version null (Implementing API version 1.8.8-R0.1-SNAPSHOT)
Tests run: 11, Failures: 0, Errors: 0, Skipped: 0, Time elapsed: 5.053 sec - in org.bukkit.craftbukkit.inventory.ItemMetaTest
Running org.bukkit.craftbukkit.inventory.NMSCraftItemStackTest
Tests run: 2, Failures: 0, Errors: 0, Skipped: 0, Time elapsed: 0.002 sec - in org.bukkit.craftbukkit.inventory.NMSCraftItemStackTest
Running org.bukkit.craftbukkit.inventory.FactoryItemMaterialTest
Tests run: 1352, Failures: 0, Errors: 0, Skipped: 0, Time elapsed: 1.703 sec - in org.bukkit.craftbukkit.inventory.FactoryItemMaterialTest
Running org.bukkit.craftbukkit.inventory.ItemMetaImplementationOverrideTest
Tests run: 99, Failures: 0, Errors: 0, Skipped: 0, Time elapsed: 0.014 sec - in org.bukkit.craftbukkit.inventory.ItemMetaImplementationOverrideTest
Running org.bukkit.craftbukkit.inventory.ItemFactoryTest
Tests run: 1, Failures: 0, Errors: 0, Skipped: 0, Time elapsed: 1.888 sec - in org.bukkit.craftbukkit.inventory.ItemFactoryTest
Running org.bukkit.PerMaterialTest
Tests run: 3850, Failures: 0, Errors: 0, Skipped: 0, Time elapsed: 0.788 sec - in org.bukkit.PerMaterialTest
Running org.bukkit.DyeColorsTest
Tests run: 32, Failures: 0, Errors: 0, Skipped: 0, Time elapsed: 0.006 sec - in org.bukkit.DyeColorsTest
Running org.bukkit.WorldTypeTest
Tests run: 1, Failures: 0, Errors: 0, Skipped: 0, Time elapsed: 0 sec - in org.bukkit.WorldTypeTest
Running org.bukkit.map.MapTest
Tests run: 1, Failures: 0, Errors: 0, Skipped: 0, Time elapsed: 0 sec - in org.bukkit.map.MapTest
Running org.bukkit.SoundTest
Tests run: 1, Failures: 0, Errors: 0, Skipped: 0, Time elapsed: 0 sec - in org.bukkit.SoundTest
Running org.bukkit.ArtTest
Tests run: 3, Failures: 0, Errors: 0, Skipped: 0, Time elapsed: 0 sec - in org.bukkit.ArtTest
Running org.bukkit.potion.PotionTest
Tests run: 2, Failures: 0, Errors: 0, Skipped: 0, Time elapsed: 0 sec - in org.bukkit.potion.PotionTest
Running org.bukkit.StatisticsAndAchievementsTest
Tests run: 2, Failures: 0, Errors: 0, Skipped: 0, Time elapsed: 0 sec - in org.bukkit.StatisticsAndAchievementsTest
Running org.bukkit.MaterialTest
Tests run: 1, Failures: 0, Errors: 0, Skipped: 0, Time elapsed: 0.001 sec - in org.bukkit.MaterialTest

Results :




Tests run: 5358, Failures: 0, Errors: 0, Skipped: 0

[INFO] 
[INFO] --- maven-jar-plugin:2.5:jar (default-jar) @ spigot ---
[INFO] Building jar: /home/ubuntu/duckdns/Spigot/Spigot-Server/target/spigot-1.8.8-R0.1-SNAPSHOT.jar
[INFO] 
[INFO] --- maven-shade-plugin:2.3:shade (default) @ spigot ---
[INFO] Including net.sf.trove4j:trove4j:jar:3.0.3 in the shaded jar.
[INFO] Including org.spigotmc:spigot-api:jar:1.8.8-R0.1-SNAPSHOT in the shaded jar.
[INFO] Including commons-lang:commons-lang:jar:2.6 in the shaded jar.
[INFO] Including com.googlecode.json-simple:json-simple:jar:1.1.1 in the shaded jar.
[INFO] Including com.google.guava:guava:jar:17.0 in the shaded jar.
[INFO] Including com.google.code.gson:gson:jar:2.2.4 in the shaded jar.
[INFO] Including org.avaje:ebean:jar:2.8.1 in the shaded jar.
[INFO] Including javax.persistence:persistence-api:jar:1.0 in the shaded jar.
[INFO] Including org.yaml:snakeyaml:jar:1.15 in the shaded jar.
[INFO] Including net.md-5:bungeecord-chat:jar:1.8-SNAPSHOT in the shaded jar.
[INFO] Including org.spigotmc:minecraft-server:jar:1.8.8-SNAPSHOT in the shaded jar.
[INFO] Including net.sf.jopt-simple:jopt-simple:jar:3.2 in the shaded jar.
[INFO] Including jline:jline:jar:2.12 in the shaded jar.
[INFO] Including org.xerial:sqlite-jdbc:jar:3.7.2 in the shaded jar.
[INFO] Including mysql:mysql-connector-java:jar:5.1.14 in the shaded jar.
[WARNING] minecraft-server-1.8.8-SNAPSHOT.jar, guava-17.0.jar define 1686 overlappping classes: 
[WARNING]   - com.google.common.collect.ImmutableMapValues$1
[WARNING]   - com.google.common.io.LineProcessor
[WARNING]   - com.google.common.util.concurrent.AbstractService$5
[WARNING]   - com.google.common.io.BaseEncoding$StandardBaseEncoding$2
[WARNING]   - com.google.common.io.ByteProcessor
[WARNING]   - com.google.common.math.package-info
[WARNING]   - com.google.common.util.concurrent.SimpleTimeLimiter
[WARNING]   - com.google.common.io.GwtWorkarounds$5
[WARNING]   - com.google.common.cache.AbstractCache$StatsCounter
[WARNING]   - com.google.common.util.concurrent.CycleDetectingLockFactory$Policies
[WARNING]   - 1676 more...
[WARNING] minecraft-server-1.8.8-SNAPSHOT.jar, spigot-1.8.8-R0.1-SNAPSHOT.jar define 550 overlappping classes: 
[WARNING]   - org.apache.logging.log4j.core.appender.ConsoleAppender$ConsoleManagerFactory
[WARNING]   - net.minecraft.server.DispenserRegistry$2
[WARNING]   - net.minecraft.server.DispenserRegistry$12
[WARNING]   - net.minecraft.server.PathfinderGoalNearestAttackableTargetInsentient
[WARNING]   - net.minecraft.server.PathfinderGoalHurtByTarget
[WARNING]   - net.minecraft.server.Entity$4
[WARNING]   - net.minecraft.server.BlockGrass
[WARNING]   - net.minecraft.server.Chunk$1
[WARNING]   - net.minecraft.server.EntityHuman
[WARNING]   - net.minecraft.server.BlockPressurePlateBinary$EnumMobType
[WARNING]   - 540 more...
[WARNING] gson-2.2.4.jar, minecraft-server-1.8.8-SNAPSHOT.jar define 153 overlappping classes: 
[WARNING]   - com.google.gson.internal.bind.JsonTreeWriter
[WARNING]   - com.google.gson.internal.Excluder
[WARNING]   - com.google.gson.JsonDeserializationContext
[WARNING]   - com.google.gson.internal.$Gson$Types
[WARNING]   - com.google.gson.internal.LinkedTreeMap$KeySet
[WARNING]   - com.google.gson.FieldNamingPolicy$5
[WARNING]   - com.google.gson.internal.bind.SqlDateTypeAdapter$1
[WARNING]   - com.google.gson.internal.UnsafeAllocator$2
[WARNING]   - com.google.gson.FieldAttributes
[WARNING]   - com.google.gson.internal.$Gson$Types$ParameterizedTypeImpl
[WARNING]   - 143 more...
[WARNING] maven-shade-plugin has detected that some .class files
[WARNING] are present in two or more JARs. When this happens, only
[WARNING] one single version of the class is copied in the uberjar.
[WARNING] Usually this is not harmful and you can skeep these
[WARNING] warnings, otherwise try to manually exclude artifacts
[WARNING] based on mvn dependency:tree -Ddetail=true and the above
[WARNING] output
[WARNING] See http://docs.codehaus.org/display/MAVENUSER/Shade+Plugin
[INFO] Replacing original artifact with shaded artifact.
[INFO] Replacing /home/ubuntu/duckdns/Spigot/Spigot-Server/target/spigot-1.8.8-R0.1-SNAPSHOT.jar with /home/ubuntu/duckdns/Spigot/Spigot-Server/target/spigot-1.8.8-R0.1-SNAPSHOT-shaded.jar
[INFO] Dependency-reduced POM written at: /home/ubuntu/duckdns/Spigot/Spigot-Server/dependency-reduced-pom.xml
[INFO] Dependency-reduced POM written at: /home/ubuntu/duckdns/Spigot/Spigot-Server/dependency-reduced-pom.xml
[INFO] Dependency-reduced POM written at: /home/ubuntu/duckdns/Spigot/Spigot-Server/dependency-reduced-pom.xml
[INFO] 
[INFO] --- specialsource-maven-plugin:1.2.1:remap (default) @ spigot ---
[INFO] Replacing original artifact with remapped artifact.
[INFO] Replacing /home/ubuntu/duckdns/Spigot/Spigot-Server/target/spigot-1.8.8-R0.1-SNAPSHOT.jar with /home/ubuntu/duckdns/Spigot/Spigot-Server/target/spigot-1.8.8-R0.1-SNAPSHOT-remapped.jar
[INFO] 
[INFO] --- maven-install-plugin:2.4:install (default-install) @ spigot ---
[INFO] Installing /home/ubuntu/duckdns/Spigot/Spigot-Server/target/spigot-1.8.8-R0.1-SNAPSHOT.jar to /home/ubuntu/.m2/repository/org/spigotmc/spigot/1.8.8-R0.1-SNAPSHOT/spigot-1.8.8-R0.1-SNAPSHOT.jar
[INFO] Installing /home/ubuntu/duckdns/Spigot/Spigot-Server/dependency-reduced-pom.xml to /home/ubuntu/.m2/repository/org/spigotmc/spigot/1.8.8-R0.1-SNAPSHOT/spigot-1.8.8-R0.1-SNAPSHOT.pom
[INFO] ------------------------------------------------------------------------
[INFO] Reactor Summary:
[INFO] 
[INFO] Spigot-API ......................................... SUCCESS [ 17.348 s]
[INFO] Spigot-Parent ...................................... SUCCESS [  1.121 s]
[INFO] Spigot ............................................. SUCCESS [01:14 min]
[INFO] ------------------------------------------------------------------------
[INFO] BUILD SUCCESS
[INFO] ------------------------------------------------------------------------
[INFO] Total time: 01:33 min
[INFO] Finished at: 2016-01-25T11:25:16+00:00
[INFO] Final Memory: 27M/916M
[INFO] ------------------------------------------------------------------------
 
 
 
 
 
 
 
 
 
 
 
 
 
 
 
 
 
 
 
 
 
 
 
 
 
 
 
 
 
 
 
 
 
 
 
Success! Everything compiled successfully. Copying final .jar files now.
Copying craftbukkit-1.8.8-R0.1-SNAPSHOT.jar to /home/ubuntu/duckdns/.
  - Saved as craftbukkit-1.8.8.jar
Copying spigot-1.8.8-R0.1-SNAPSHOT.jar to /home/ubuntu/duckdns/.
  - Saved as spigot-1.8.8.jar
